<?xml version="1.0" encoding="UTF-8"?>
<!-- Generated by org.testng.reporters.JUnitReportReporter -->
<testsuite hostname="LAPTOP-71KTPKTD" name="com.chiselon.classifieds.utililites.Test_1" tests="1" failures="0" timestamp="6 Feb 2018 18:09:54 GMT" time="3.689" errors="0">
  <testcase name="a" time="3.689" classname="com.chiselon.classifieds.utililites.Test_1"/>
</testsuite> <!-- com.chiselon.classifieds.utililites.Test_1 -->
