<?xml version="1.0" encoding="UTF-8"?>
<!-- Generated by org.testng.reporters.JUnitReportReporter -->
<testsuite hostname="LAPTOP-71KTPKTD" name="com.chiselon.classifieds.regression.TC001" tests="1" failures="0" timestamp="3 Feb 2018 07:54:33 GMT" time="5.512" errors="0">
  <testcase name="business" time="5.512" classname="com.chiselon.classifieds.regression.TC001"/>
</testsuite> <!-- com.chiselon.classifieds.regression.TC001 -->
